<?xml version="1.0" encoding="UTF-8"?>
<testsuite name="ecommerce.CriarMassaTest" time="0" tests="1" errors="0" skipped="1" failures="0">
  <properties>
[...]
</properties>
  <testcase name="deveInserir" classname="ecommerce.CriarMassaTest" time="0">
    <skipped/>
    <system-out><![CDATA[03:54:48.836 [main] DEBUG org.springframework.test.context.junit4.SpringJUnit4ClassRunner - SpringJUnit4ClassRunner constructor called with [class ecommerce.CriarMassaTest]
03:54:48.853 [main] DEBUG org.springframework.test.context.BootstrapUtils - Instantiating CacheAwareContextLoaderDelegate from class [org.springframework.test.context.cache.DefaultCacheAwareContextLoaderDelegate]
03:54:48.915 [main] DEBUG org.springframework.test.context.BootstrapUtils - Instantiating BootstrapContext using constructor [public org.springframework.test.context.support.DefaultBootstrapContext(java.lang.Class,org.springframework.test.context.CacheAwareContextLoaderDelegate)]
03:54:48.955 [main] DEBUG org.springframework.test.context.BootstrapUtils - Instantiating TestContextBootstrapper for test class [ecommerce.CriarMassaTest] from class [org.springframework.boot.test.context.SpringBootTestContextBootstrapper]
03:54:48.987 [main] INFO org.springframework.boot.test.context.SpringBootTestContextBootstrapper - Neither @ContextConfiguration nor @ContextHierarchy found for test class [ecommerce.CriarMassaTest], using SpringBootContextLoader
03:54:48.996 [main] DEBUG org.springframework.test.context.support.AbstractContextLoader - Did not detect default resource location for test class [ecommerce.CriarMassaTest]: class path resource [ecommerce/CriarMassaTest-context.xml] does not exist
03:54:48.997 [main] DEBUG org.springframework.test.context.support.AbstractContextLoader - Did not detect default resource location for test class [ecommerce.CriarMassaTest]: class path resource [ecommerce/CriarMassaTestContext.groovy] does not exist
03:54:48.998 [main] INFO org.springframework.test.context.support.AbstractContextLoader - Could not detect default resource locations for test class [ecommerce.CriarMassaTest]: no resource found for suffixes {-context.xml, Context.groovy}.
03:54:49.070 [main] DEBUG org.springframework.test.context.support.ActiveProfilesUtils - Could not find an 'annotation declaring class' for annotation type [org.springframework.test.context.ActiveProfiles] and class [ecommerce.CriarMassaTest]
03:54:49.132 [main] DEBUG org.springframework.boot.test.context.SpringBootTestContextBootstrapper - @TestExecutionListeners is not present for class [ecommerce.CriarMassaTest]: using defaults.
03:54:49.141 [main] INFO org.springframework.boot.test.context.SpringBootTestContextBootstrapper - Loaded default TestExecutionListener class names from location [META-INF/spring.factories]: [org.springframework.boot.test.mock.mockito.MockitoTestExecutionListener, org.springframework.boot.test.mock.mockito.ResetMocksTestExecutionListener, org.springframework.boot.test.autoconfigure.restdocs.RestDocsTestExecutionListener, org.springframework.boot.test.autoconfigure.web.client.MockRestServiceServerResetTestExecutionListener, org.springframework.boot.test.autoconfigure.web.servlet.MockMvcPrintOnlyOnFailureTestExecutionListener, org.springframework.boot.test.autoconfigure.web.servlet.WebDriverTestExecutionListener, org.springframework.test.context.web.ServletTestExecutionListener, org.springframework.test.context.support.DirtiesContextBeforeModesTestExecutionListener, org.springframework.test.context.support.DependencyInjectionTestExecutionListener, org.springframework.test.context.support.DirtiesContextTestExecutionListener, org.springframework.test.context.transaction.TransactionalTestExecutionListener, org.springframework.test.context.jdbc.SqlScriptsTestExecutionListener]
03:54:49.190 [main] INFO org.springframework.boot.test.context.SpringBootTestContextBootstrapper - Using TestExecutionListeners: [org.springframework.test.context.web.ServletTestExecutionListener@5d11346a, org.springframework.test.context.support.DirtiesContextBeforeModesTestExecutionListener@7a36aefa, org.springframework.boot.test.autoconfigure.SpringBootDependencyInjectionTestExecutionListener@17211155, org.springframework.test.context.support.DirtiesContextTestExecutionListener@b3d7190, org.springframework.test.context.transaction.TransactionalTestExecutionListener@5fdba6f9, org.springframework.test.context.jdbc.SqlScriptsTestExecutionListener@10d59286, org.springframework.boot.test.autoconfigure.web.servlet.WebDriverTestExecutionListener@fe18270, org.springframework.boot.test.autoconfigure.restdocs.RestDocsTestExecutionListener@6fb0d3ed, org.springframework.boot.test.mock.mockito.MockitoTestExecutionListener@6dde5c8c, org.springframework.boot.test.autoconfigure.web.client.MockRestServiceServerResetTestExecutionListener@5123a213, org.springframework.boot.test.mock.mockito.ResetMocksTestExecutionListener@52525845, org.springframework.boot.test.autoconfigure.web.servlet.MockMvcPrintOnlyOnFailureTestExecutionListener@3b94d659]
03:54:49.194 [main] DEBUG org.springframework.test.annotation.ProfileValueUtils - Retrieved @ProfileValueSourceConfiguration [null] for test class [ecommerce.CriarMassaTest]
03:54:49.195 [main] DEBUG org.springframework.test.annotation.ProfileValueUtils - Retrieved ProfileValueSource type [class org.springframework.test.annotation.SystemProfileValueSource] for class [ecommerce.CriarMassaTest]
03:54:49.199 [main] DEBUG org.springframework.test.context.junit4.SpringJUnit4ClassRunner - SpringJUnit4ClassRunner constructor called with [class ecommerce.CriarMassaTest]
03:54:49.199 [main] DEBUG org.springframework.test.context.BootstrapUtils - Instantiating CacheAwareContextLoaderDelegate from class [org.springframework.test.context.cache.DefaultCacheAwareContextLoaderDelegate]
03:54:49.199 [main] DEBUG org.springframework.test.context.BootstrapUtils - Instantiating BootstrapContext using constructor [public org.springframework.test.context.support.DefaultBootstrapContext(java.lang.Class,org.springframework.test.context.CacheAwareContextLoaderDelegate)]
03:54:49.200 [main] DEBUG org.springframework.test.context.BootstrapUtils - Instantiating TestContextBootstrapper for test class [ecommerce.CriarMassaTest] from class [org.springframework.boot.test.context.SpringBootTestContextBootstrapper]
03:54:49.202 [main] INFO org.springframework.boot.test.context.SpringBootTestContextBootstrapper - Neither @ContextConfiguration nor @ContextHierarchy found for test class [ecommerce.CriarMassaTest], using SpringBootContextLoader
03:54:49.203 [main] DEBUG org.springframework.test.context.support.AbstractContextLoader - Did not detect default resource location for test class [ecommerce.CriarMassaTest]: class path resource [ecommerce/CriarMassaTest-context.xml] does not exist
03:54:49.204 [main] DEBUG org.springframework.test.context.support.AbstractContextLoader - Did not detect default resource location for test class [ecommerce.CriarMassaTest]: class path resource [ecommerce/CriarMassaTestContext.groovy] does not exist
03:54:49.205 [main] INFO org.springframework.test.context.support.AbstractContextLoader - Could not detect default resource locations for test class [ecommerce.CriarMassaTest]: no resource found for suffixes {-context.xml, Context.groovy}.
03:54:49.224 [main] DEBUG org.springframework.test.context.support.ActiveProfilesUtils - Could not find an 'annotation declaring class' for annotation type [org.springframework.test.context.ActiveProfiles] and class [ecommerce.CriarMassaTest]
03:54:49.231 [main] DEBUG org.springframework.boot.test.context.SpringBootTestContextBootstrapper - @TestExecutionListeners is not present for class [ecommerce.CriarMassaTest]: using defaults.
03:54:49.237 [main] INFO org.springframework.boot.test.context.SpringBootTestContextBootstrapper - Loaded default TestExecutionListener class names from location [META-INF/spring.factories]: [org.springframework.boot.test.mock.mockito.MockitoTestExecutionListener, org.springframework.boot.test.mock.mockito.ResetMocksTestExecutionListener, org.springframework.boot.test.autoconfigure.restdocs.RestDocsTestExecutionListener, org.springframework.boot.test.autoconfigure.web.client.MockRestServiceServerResetTestExecutionListener, org.springframework.boot.test.autoconfigure.web.servlet.MockMvcPrintOnlyOnFailureTestExecutionListener, org.springframework.boot.test.autoconfigure.web.servlet.WebDriverTestExecutionListener, org.springframework.test.context.web.ServletTestExecutionListener, org.springframework.test.context.support.DirtiesContextBeforeModesTestExecutionListener, org.springframework.test.context.support.DependencyInjectionTestExecutionListener, org.springframework.test.context.support.DirtiesContextTestExecutionListener, org.springframework.test.context.transaction.TransactionalTestExecutionListener, org.springframework.test.context.jdbc.SqlScriptsTestExecutionListener]
03:54:49.242 [main] INFO org.springframework.boot.test.context.SpringBootTestContextBootstrapper - Using TestExecutionListeners: [org.springframework.test.context.web.ServletTestExecutionListener@1efee8e7, org.springframework.test.context.support.DirtiesContextBeforeModesTestExecutionListener@1ee807c6, org.springframework.boot.test.autoconfigure.SpringBootDependencyInjectionTestExecutionListener@76a4d6c, org.springframework.test.context.support.DirtiesContextTestExecutionListener@517cd4b, org.springframework.test.context.transaction.TransactionalTestExecutionListener@6cc7b4de, org.springframework.test.context.jdbc.SqlScriptsTestExecutionListener@32cf48b7, org.springframework.boot.test.autoconfigure.web.servlet.WebDriverTestExecutionListener@679b62af, org.springframework.boot.test.autoconfigure.restdocs.RestDocsTestExecutionListener@5cdd8682, org.springframework.boot.test.mock.mockito.MockitoTestExecutionListener@d6da883, org.springframework.boot.test.autoconfigure.web.client.MockRestServiceServerResetTestExecutionListener@45afc369, org.springframework.boot.test.mock.mockito.ResetMocksTestExecutionListener@799d4f69, org.springframework.boot.test.autoconfigure.web.servlet.MockMvcPrintOnlyOnFailureTestExecutionListener@49c43f4e]
03:54:49.242 [main] DEBUG org.springframework.test.annotation.ProfileValueUtils - Retrieved @ProfileValueSourceConfiguration [null] for test class [ecommerce.CriarMassaTest]
03:54:49.243 [main] DEBUG org.springframework.test.annotation.ProfileValueUtils - Retrieved ProfileValueSource type [class org.springframework.test.annotation.SystemProfileValueSource] for class [ecommerce.CriarMassaTest]
03:54:49.244 [main] DEBUG org.springframework.test.annotation.ProfileValueUtils - Retrieved @ProfileValueSourceConfiguration [null] for test class [ecommerce.CriarMassaTest]
03:54:49.244 [main] DEBUG org.springframework.test.annotation.ProfileValueUtils - Retrieved ProfileValueSource type [class org.springframework.test.annotation.SystemProfileValueSource] for class [ecommerce.CriarMassaTest]
]]></system-out>
  </testcase>
</testsuite>